d:\freeapoc\apocalypse\vs2022\tacp\debug\calc_brain.obj
d:\freeapoc\apocalypse\vs2022\tacp\debug\calc_brain.asm
d:\freeapoc\apocalypse\vs2022\tacp\debug\main.obj
d:\freeapoc\apocalypse\vs2022\tacp\debug\main.asm
d:\freeapoc\apocalypse\vs2022\tacp\debug\keyboard.obj
d:\freeapoc\apocalypse\vs2022\tacp\debug\keyboard.asm
d:\freeapoc\apocalypse\vs2022\tacp\debug\music.obj
d:\freeapoc\apocalypse\vs2022\tacp\debug\music.asm
d:\freeapoc\apocalypse\vs2022\tacp\debug\timer.obj
d:\freeapoc\apocalypse\vs2022\tacp\debug\timer.asm
d:\freeapoc\apocalypse\vs2022\tacp\debug\library_func.obj
d:\freeapoc\apocalypse\vs2022\tacp\debug\library_func.asm
d:\freeapoc\apocalypse\vs2022\tacp\debug\palette.obj
d:\freeapoc\apocalypse\vs2022\tacp\debug\palette.asm
d:\freeapoc\apocalypse\vs2022\tacp\debug\window.obj
d:\freeapoc\apocalypse\vs2022\tacp\debug\window.asm
d:\freeapoc\apocalypse\vs2022\tacp\debug\cursor.obj
d:\freeapoc\apocalypse\vs2022\tacp\debug\cursor.asm
d:\freeapoc\apocalypse\vs2022\tacp\debug\sdl_event.obj
d:\freeapoc\apocalypse\vs2022\tacp\debug\sdl_event.asm
d:\freeapoc\apocalypse\vs2022\tacp\debug\vc143.pdb
d:\freeapoc\apocalypse\vs2022\tacp\debug\vc143.idb
d:\freeapoc\apocalypse\xcomapoc\tacp.exe
d:\freeapoc\apocalypse\vs2022\tacp\debug\tacp.ilk
d:\freeapoc\apocalypse\xcomapoc\tacp.pdb
d:\freeapoc\apocalypse\vs2022\tacp\debug\tacp4.obj
d:\freeapoc\apocalypse\vs2022\tacp\debug\tacp.tlog\cl.command.1.tlog
d:\freeapoc\apocalypse\vs2022\tacp\debug\tacp.tlog\cl.read.1.tlog
d:\freeapoc\apocalypse\vs2022\tacp\debug\tacp.tlog\cl.write.1.tlog
d:\freeapoc\apocalypse\vs2022\tacp\debug\tacp.tlog\link.command.1.tlog
d:\freeapoc\apocalypse\vs2022\tacp\debug\tacp.tlog\link.read.1.tlog
d:\freeapoc\apocalypse\vs2022\tacp\debug\tacp.tlog\link.write.1.tlog
d:\freeapoc\apocalypse\vs2022\tacp\debug\tacp.tlog\masm.read.1u.tlog
d:\freeapoc\apocalypse\vs2022\tacp\debug\tacp.tlog\masm.write.1u.tlog
